<?xml version="1.0" encoding="UTF-8"?>
<!-- Generated by org.testng.reporters.JUnitXMLReporter -->
<testsuite hostname="MSI" ignored="0" name="BuyaGiftTest" tests="3" failures="0" timestamp="18 May 2022 19:46:23 GMT" time="45.453" errors="0">
  <testcase name="TestCase01_verifyBestSellerResult on null(com.tester.buyagift_project.BestSeller_Hotel)" time="8.995" classname="com.tester.buyagift_project.BestSeller_Hotel"/>
  <testcase name="TestCase02_1_verifyNameAndPriceOnProductPage on null(com.tester.buyagift_project.BestSeller_Hotel)" time="12.932" classname="com.tester.buyagift_project.BestSeller_Hotel"/>
  <testcase name="TestCase02_2_validatePaymentTotal on null(com.tester.buyagift_project.BestSeller_Hotel)" time="8.84" classname="com.tester.buyagift_project.BestSeller_Hotel"/>
</testsuite> <!-- BuyaGiftTest -->
