<?xml version="1.0" encoding="UTF-8"?>
<!-- Generated by org.testng.reporters.JUnitXMLReporter -->
<testsuite hostname="MSI" ignored="0" name="BuyaGiftTests" tests="5" failures="5" timestamp="18 May 2022 13:28:11 GMT" time="0.037" errors="0">
  <testcase name="TestCase01_verifyBestSellerResult on null(com.tester.buyagift_project.BestSeller_Hotel)" time="0.0" classname="com.tester.buyagift_project.BestSeller_Hotel">
    <failure type="java.lang.NullPointerException">
      <![CDATA[java.lang.NullPointerException
at com.tester.buyagift_project.BestSeller_Hotel.searchHotel(BestSeller_Hotel.java:25)
at com.tester.buyagift_project.BestSeller_Hotel.TestCase01_verifyBestSellerResult(BestSeller_Hotel.java:35)
... Removed 25 stack frames]]>
    </failure>
  </testcase> <!-- TestCase01_verifyBestSellerResult on null(com.tester.buyagift_project.BestSeller_Hotel) -->
  <testcase name="TestCase03_1_selectLocation on null(com.tester.buyagift_project.BestSeller_Hotel)" time="0.0" classname="com.tester.buyagift_project.BestSeller_Hotel">
    <failure type="java.lang.NullPointerException">
      <![CDATA[java.lang.NullPointerException
at com.tester.buyagift_project.BestSeller_Hotel.TestCase03_1_selectLocation(BestSeller_Hotel.java:80)
... Removed 25 stack frames]]>
    </failure>
  </testcase> <!-- TestCase03_1_selectLocation on null(com.tester.buyagift_project.BestSeller_Hotel) -->
  <testcase name="TestCase02_1_verifyNameAndPriceOnProductPage on null(com.tester.buyagift_project.BestSeller_Hotel)" time="0.001" classname="com.tester.buyagift_project.BestSeller_Hotel">
    <failure type="java.lang.NullPointerException">
      <![CDATA[java.lang.NullPointerException
at com.tester.buyagift_project.BestSeller_Hotel.TestCase02_1_verifyNameAndPriceOnProductPage(BestSeller_Hotel.java:49)
... Removed 25 stack frames]]>
    </failure>
  </testcase> <!-- TestCase02_1_verifyNameAndPriceOnProductPage on null(com.tester.buyagift_project.BestSeller_Hotel) -->
  <testcase name="TestCase03_2_validateLocationSpaDetails on null(com.tester.buyagift_project.BestSeller_Hotel)" time="0.001" classname="com.tester.buyagift_project.BestSeller_Hotel">
    <failure type="java.lang.NullPointerException">
      <![CDATA[java.lang.NullPointerException
at com.tester.buyagift_project.BestSeller_Hotel.TestCase03_2_validateLocationSpaDetails(BestSeller_Hotel.java:90)
... Removed 25 stack frames]]>
    </failure>
  </testcase> <!-- TestCase03_2_validateLocationSpaDetails on null(com.tester.buyagift_project.BestSeller_Hotel) -->
  <testcase name="TestCase02_2_validatePaymentTotal on null(com.tester.buyagift_project.BestSeller_Hotel)" time="0.001" classname="com.tester.buyagift_project.BestSeller_Hotel">
    <failure type="java.lang.NullPointerException">
      <![CDATA[java.lang.NullPointerException
at com.tester.buyagift_project.BestSeller_Hotel.TestCase02_2_validatePaymentTotal(BestSeller_Hotel.java:59)
... Removed 25 stack frames]]>
    </failure>
  </testcase> <!-- TestCase02_2_validatePaymentTotal on null(com.tester.buyagift_project.BestSeller_Hotel) -->
</testsuite> <!-- BuyaGiftTests -->
