<?xml version="1.0" encoding="UTF-8"?>
<!-- Generated by org.testng.reporters.JUnitXMLReporter -->
<testsuite hostname="MSI" ignored="0" name="Default test" tests="2" failures="0" timestamp="19 May 2022 08:46:03 GMT" time="24.111" errors="0">
  <testcase name="TestCase03_1_selectLocation on null(com.tester.buyagift_project.Location_Spa)" time="5.138" classname="com.tester.buyagift_project.Location_Spa"/>
  <testcase name="TestCase03_2_validateLocationSpaDetails on null(com.tester.buyagift_project.Location_Spa)" time="0.143" classname="com.tester.buyagift_project.Location_Spa"/>
</testsuite> <!-- Default test -->
